[PREINITIALIZATION][CLIENT][INFO] Thank you to the Patreon supporters below and others who make CraftTweaker possible!
Jordan Pineo
NerdyWhiteGuy
DreamThorn
Lucas
Belathus
Peregrinus11
Jellycraft
NickT
Hooley
Zuniroa
Genryu
embeddedt
Spencer Gilbert
Ncc1702
Pongo Sapiens
Ivy_
Jonathan McManus
Jessie Sims
Quaternary
If you want to support the mod, checkout https://patreon.com/jaredlll08?s=crtmod

[PREINITIALIZATION][CLIENT][INFO] Current loaders after merging: [[preinit]]
[PREINITIALIZATION][CLIENT][INFO] Loading scripts for loader with names [preinit]
[PREINITIALIZATION][CLIENT][INFO] [preinit | SIDE_CLIENT]: Skipping file {[0:crafttweaker]: recipes.zs} as we are currently loading with a different loader
[PREINITIALIZATION][CLIENT][INFO] [preinit | SIDE_CLIENT]: Skipping file {[0:crafttweaker]: SLIANIE.ABOBA.zs} as we are currently loading with a different loader
[PREINITIALIZATION][CLIENT][INFO] Completed script loading in: 3ms
[INITIALIZATION][CLIENT][INFO] CraftTweaker: Building registry
[INITIALIZATION][CLIENT][INFO] CraftTweaker: Successfully built item registry
[INITIALIZATION][CLIENT][INFO] Current loaders after merging: [[preinit], [recipeevent | crafttweaker]]
[INITIALIZATION][CLIENT][INFO] Loading scripts for loader with names [crafttweaker | recipeevent]
[INITIALIZATION][CLIENT][INFO] [crafttweaker | SIDE_CLIENT]: Loading Script: {[0:crafttweaker]: recipes.zs}
[INITIALIZATION][CLIENT][INFO] Removing Extreme Recipe from Avaritia with the output of: Сборщик нейтрония
[INITIALIZATION][CLIENT][INFO] Removing Extreme Recipe from Avaritia with the output of: Катализатор бесконечности
[INITIALIZATION][CLIENT][INFO] Removing Extreme Recipe from Avaritia with the output of: Слиток бесконечности
[INITIALIZATION][CLIENT][INFO] Removing Extreme Recipe from Avaritia with the output of: Меч Космоса
[INITIALIZATION][CLIENT][INFO] Removing Extreme Recipe from Avaritia with the output of: Лук Небес
[INITIALIZATION][CLIENT][INFO] Removing Extreme Recipe from Avaritia with the output of: Разрушитель Мира
[INITIALIZATION][CLIENT][INFO] Removing Extreme Recipe from Avaritia with the output of: Пожиратель Планет
[INITIALIZATION][CLIENT][INFO] Removing Extreme Recipe from Avaritia with the output of: Уничтожитель Природы
[INITIALIZATION][CLIENT][INFO] Removing Extreme Recipe from Avaritia with the output of: Мотыга Вечного Плодородия
[INITIALIZATION][CLIENT][INFO] Removing Extreme Recipe from Avaritia with the output of: Меч Огненного Черепа
[INITIALIZATION][CLIENT][INFO] Removing Extreme Recipe from Avaritia with the output of: Шлем Бесконечности
[INITIALIZATION][CLIENT][INFO] Removing Extreme Recipe from Avaritia with the output of: Нагрудник Бесконечности
[INITIALIZATION][CLIENT][INFO] Removing Extreme Recipe from Avaritia with the output of: Поножи Бесконечности
[INITIALIZATION][CLIENT][INFO] Removing Extreme Recipe from Avaritia with the output of: Ботинки Бесконечности
[INITIALIZATION][CLIENT][INFO] Adding Extreme recipe avaritia:craft_tweaker_shaped_1.100 for Творческий энергетический куб
[INITIALIZATION][CLIENT][INFO] Adding Extreme recipe avaritia:craft_tweaker_shaped_1.101 for Цифровой шахтёр
[INITIALIZATION][CLIENT][INFO] Adding Extreme recipe avaritia:craft_tweaker_shaped_1.102 for Нагрудник Виверны
[INITIALIZATION][CLIENT][INFO] Adding Extreme recipe avaritia:craft_tweaker_shaped_1.103 for Шлем Виверны
[INITIALIZATION][CLIENT][INFO] Adding Extreme recipe avaritia:craft_tweaker_shaped_1.104 for Поножи Виверны
[INITIALIZATION][CLIENT][INFO] Adding Extreme recipe avaritia:craft_tweaker_shaped_1.105 for Ботинки Виверны
[INITIALIZATION][CLIENT][INFO] Adding Extreme recipe avaritia:craft_tweaker_shaped_1.106 for Шлем Дракона
[INITIALIZATION][CLIENT][INFO] Adding Extreme recipe avaritia:craft_tweaker_shaped_1.107 for Нагрудник Дракона
[INITIALIZATION][CLIENT][INFO] Adding Extreme recipe avaritia:craft_tweaker_shaped_1.108 for Поножи Дракона
[INITIALIZATION][CLIENT][INFO] Adding Extreme recipe avaritia:craft_tweaker_shaped_1.109 for Ботинки Дракона
[INITIALIZATION][CLIENT][INFO] Adding Extreme recipe avaritia:craft_tweaker_shaped_1.110 for Лопата Дракона
[INITIALIZATION][CLIENT][INFO] Adding Extreme recipe avaritia:craft_tweaker_shaped_1.111 for Топор Дракона
[INITIALIZATION][CLIENT][INFO] Adding Extreme recipe avaritia:craft_tweaker_shaped_1.112 for Меч Дракона
[INITIALIZATION][CLIENT][INFO] Adding Extreme recipe avaritia:craft_tweaker_shaped_1.113 for Посох силы
[INITIALIZATION][CLIENT][INFO] Adding Extreme recipe avaritia:craft_tweaker_shaped_1.114 for Кирка Дракона
[INITIALIZATION][CLIENT][INFO] Adding Extreme recipe avaritia:craft_tweaker_shaped_1.115 for Лук Дракона
[INITIALIZATION][CLIENT][INFO] Adding Extreme recipe avaritia:craft_tweaker_shaped_1.116 for Мотыга Дракона
[INITIALIZATION][CLIENT][INFO] Adding Extreme recipe avaritia:craft_tweaker_shaped_1.117 for Сборщик нейтрония
[INITIALIZATION][CLIENT][INFO] Adding Extreme recipe avaritia:craft_tweaker_shaped_1.118 for Dense Neutron Collector
[INITIALIZATION][CLIENT][INFO] Adding Extreme recipe avaritia:craft_tweaker_shaped_1.119 for Denser Neutron Collector
[INITIALIZATION][CLIENT][INFO] Adding Extreme recipe avaritia:craft_tweaker_shaped_1.120 for Densest Neutron Collector
[INITIALIZATION][CLIENT][INFO] Adding Extreme recipe avaritia:craft_tweaker_shaped_1.121 for Катализатор бесконечности
[INITIALIZATION][CLIENT][INFO] Adding Extreme recipe avaritia:craft_tweaker_shaped_1.122 for Слиток бесконечности
[INITIALIZATION][CLIENT][INFO] Adding Extreme recipe avaritia:craft_tweaker_shaped_1.123 for Меч Космоса
[INITIALIZATION][CLIENT][INFO] Adding Extreme recipe avaritia:craft_tweaker_shaped_1.124 for Лук Небес
[INITIALIZATION][CLIENT][INFO] Adding Extreme recipe avaritia:craft_tweaker_shaped_1.125 for Разрушитель Мира
[INITIALIZATION][CLIENT][INFO] Adding Extreme recipe avaritia:craft_tweaker_shaped_1.126 for Пожиратель Планет
[INITIALIZATION][CLIENT][INFO] Adding Extreme recipe avaritia:craft_tweaker_shaped_1.128 for Уничтожитель Природы
[INITIALIZATION][CLIENT][INFO] Adding Extreme recipe avaritia:craft_tweaker_shaped_1.129 for Мотыга Вечного Плодородия
[INITIALIZATION][CLIENT][INFO] Adding Extreme recipe avaritia:craft_tweaker_shaped_1.130 for Меч Огненного Черепа
[INITIALIZATION][CLIENT][INFO] Adding Extreme recipe avaritia:craft_tweaker_shaped_1.131 for Шлем Бесконечности
[INITIALIZATION][CLIENT][INFO] Adding Extreme recipe avaritia:craft_tweaker_shaped_1.132 for Нагрудник Бесконечности
[INITIALIZATION][CLIENT][INFO] Adding Extreme recipe avaritia:craft_tweaker_shaped_1.133 for Поножи Бесконечности
[INITIALIZATION][CLIENT][INFO] Adding Extreme recipe avaritia:craft_tweaker_shaped_1.134 for Ботинки Бесконечности
[INITIALIZATION][CLIENT][INFO] Adding Extreme recipe avaritia:craft_tweaker_shaped_1.135 for Творческая МЭ ячейка хранения
[INITIALIZATION][CLIENT][INFO] Adding Extreme recipe avaritia:craft_tweaker_shaped_1.136 for Творческая энергетическая ячейка
[INITIALIZATION][CLIENT][INFO] Adding Extreme recipe avaritia:craft_tweaker_shaped_1.137 for Молекулярный Преобразователь
[INITIALIZATION][CLIENT][INFO] Adding Extreme recipe avaritia:craft_tweaker_shaped_1.138 for Иридиевый бур
[INITIALIZATION][CLIENT][INFO] Adding Extreme recipe avaritia:craft_tweaker_shaped_1.139 for Улучшенный Бур
[INITIALIZATION][CLIENT][INFO] Adding Extreme recipe avaritia:craft_tweaker_shaped_1.140 for Нано Бур
[INITIALIZATION][CLIENT][INFO] Adding Extreme recipe avaritia:craft_tweaker_shaped_1.141 for Квантавый Бур
[INITIALIZATION][CLIENT][INFO] Adding Extreme recipe avaritia:craft_tweaker_shaped_1.142 for Ваджра
[INITIALIZATION][CLIENT][INFO] Adding Extreme recipe avaritia:craft_tweaker_shaped_1.143 for Улучшенная Ваджра
[INITIALIZATION][CLIENT][INFO] [crafttweaker | SIDE_CLIENT]: Loading Script: {[0:crafttweaker]: SLIANIE.ABOBA.zs}
[INITIALIZATION][CLIENT][INFO] Completed script loading in: 513ms
[POSTINITIALIZATION][CLIENT][INFO] Removing recipes for various outputs
[POSTINITIALIZATION][CLIENT][INFO] Adding shaped recipe for Квантавая Солнечная Панель with name ct_shaped-1312939347
[POSTINITIALIZATION][CLIENT][INFO] Adding shaped recipe for МЭ накопитель with name ct_shaped-1211840306
[POSTINITIALIZATION][CLIENT][INFO] Adding shaped recipe for МЭ контроллер with name ct_shaped130811333
[POSTINITIALIZATION][CLIENT][INFO] Adding shaped recipe for Кристально-матричный слиток with name ct_shaped1133071266
[POSTINITIALIZATION][CLIENT][INFO] Adding shaped recipe for Кристально-матричный слиток with name ct_shaped1377800991
[POSTINITIALIZATION][CLIENT][INFO] Adding shaped recipe for Ядро Дракона with name ct_shaped-295003563
[POSTINITIALIZATION][CLIENT][INFO] Adding shaped recipe for Лук Виверны with name ct_shaped681681855
[POSTINITIALIZATION][CLIENT][INFO] Adding shaped recipe for Топор Виверны with name ct_shaped-686721146
[POSTINITIALIZATION][CLIENT][INFO] Adding shaped recipe for Меч Виверны with name ct_shaped1669868461
[POSTINITIALIZATION][CLIENT][INFO] Adding shaped recipe for Лопата Виверны with name ct_shaped1589014836
[POSTINITIALIZATION][CLIENT][INFO] Adding shaped recipe for Кирка Виверны with name ct_shaped1808584344
[POSTINITIALIZATION][CLIENT][INFO] Adding shaped recipe for Стабилизатор энергетического ядра with name ct_shaped1218605653
[POSTINITIALIZATION][CLIENT][INFO] Adding shaped recipe for Генератор частиц with name ct_shaped-444602330
[POSTINITIALIZATION][CLIENT][INFO] Adding shaped recipe for Энергетическое ядро Виверны with name ct_shaped-1765369500
[POSTINITIALIZATION][CLIENT][INFO] Adding shaped recipe for Молотилка with name ct_shaped1910573551
[POSTINITIALIZATION][CLIENT][INFO] Adding shaped recipe for Генератор with name ct_shaped-1167351892
[POSTINITIALIZATION][CLIENT][INFO] Adding shaped recipe for Ядро Виверны with name ct_shaped1200911942
[POSTINITIALIZATION][CLIENT][INFO] Adding shaped recipe for Многорезцовый шахтёр with name ct_shaped2126910361
[POSTINITIALIZATION][CLIENT][INFO] Adding shaped recipe for Двигатель для творческого режима with name ct_shaped187295277
[POSTINITIALIZATION][CLIENT][INFO] Adding shaped recipe for Стальной корпус with name ct_shaped775500638
[AVAILABLE][CLIENT][INFO] Fixed the RecipeBook
